Using pre-set license

 COMMAND LINE ARGUMENTS:
/Applications/Unity/Unity.app/Contents/MacOS/Unity
-adb2
-batchMode
-noUpm
-name
AssetImportWorker0
-projectPath
/Users/tsuchikawayuri/lit/LA/Unity/LAOriginal
-logFile
Logs/AssetImportWorker0.log
-srvPort
52836
Successfully changed project path to: /Users/tsuchikawayuri/lit/LA/Unity/LAOriginal
/Users/tsuchikawayuri/lit/LA/Unity/LAOriginal
Using Asset Import Pipeline V2.
Refreshing native plugins compatible for Editor in 24.25 ms, found 1 plugins.
Preloading 0 native plugins for Editor in 0.00 ms.
Initialize engine version: 2020.2.7f1 (c53830e277f1)
[Subsystems] Discovering subsystems at path /Applications/Unity/Unity.app/Contents/Resources/UnitySubsystems
[Subsystems] Discovering subsystems at path /Users/tsuchikawayuri/lit/LA/Unity/LAOriginal/Assets
GfxDevice: creating device client; threaded=0
2023-02-27 12:11:45.776 Unity[55307:53019436] (null) preferred device: Apple M1 (high power)
2023-02-27 12:11:45.776 Unity[55307:53019436] Metal devices available: 1
2023-02-27 12:11:45.776 Unity[55307:53019436] 0: Apple M1 (high power)
2023-02-27 12:11:45.776 Unity[55307:53019436] Using device Apple M1 (high power)
Initializing Metal device caps: Apple M1
Initialize mono
Mono path[0] = '/Applications/Unity/Unity.app/Contents/Managed'
Mono path[1] = '/Applications/Unity/Unity.app/Contents/MonoBleedingEdge/lib/mono/unityjit'
Mono config path = '/Applications/Unity/Unity.app/Contents/MonoBleedingEdge/etc'
Using monoOptions --debugger-agent=transport=dt_socket,embedding=1,server=y,suspend=n,address=127.0.0.1:56307
Begin MonoManager ReloadAssembly
Registering precompiled unity dll's ...
Register platform support module: /Applications/Unity/Unity.app/Contents/PlaybackEngines/MacStandaloneSupport/UnityEditor.OSXStandalone.Extensions.dll
Registered in 0.000774 seconds.
Native extension for OSXStandalone target not found
Refreshing native plugins compatible for Editor in 24.65 ms, found 1 plugins.
Preloading 0 native plugins for Editor in 0.00 ms.
Invoked RoslynAnalysisRunner static constructor.
RoslynAnalysisRunner will not be running.
RoslynAnalysisRunner has terminated.
Mono: successfully reloaded assembly
- Completed reload, in  1.810 seconds
Platform modules already initialized, skipping
Registering precompiled user dll's ...
Registered in 0.001218 seconds.
Begin MonoManager ReloadAssembly
Native extension for OSXStandalone target not found
Refreshing native plugins compatible for Editor in 0.24 ms, found 1 plugins.
Preloading 0 native plugins for Editor in 0.00 ms.
Invoked RoslynAnalysisRunner static constructor.
RoslynAnalysisRunner will not be running.
RoslynAnalysisRunner has terminated.
Mono: successfully reloaded assembly
- Completed reload, in  1.771 seconds
Platform modules already initialized, skipping
========================================================================
Worker process is ready to serve import requests
Launching external process: /Applications/Unity/Unity.app/Contents/Tools/UnityShaderCompiler
Launched and connected shader compiler UnityShaderCompiler after 0.03 seconds
Refreshing native plugins compatible for Editor in 0.19 ms, found 1 plugins.
Preloading 0 native plugins for Editor in 0.00 ms.
Unloading 1113 Unused Serialized files (Serialized files now loaded: 0)
System memory in use before: 108.0 MB.
System memory in use after: 108.1 MB.

Unloading 10 unused Assets to reduce memory usage. Loaded Objects now: 1555.
Total: 1.316166 ms (FindLiveObjects: 0.187833 ms CreateObjectMapping: 0.030250 ms MarkObjects: 1.019666 ms  DeleteObjects: 0.076625 ms)

========================================================================
Received Import Request.
  path: Assets/Scenes/CyberRoom.unity
  artifactKey: Guid(3e2d1eead2d0842c39a71d11f90f9430) Importer(815301076,1909f56bfc062723c751e8b465ee728b)
Start importing Assets/Scenes/CyberRoom.unity using Guid(3e2d1eead2d0842c39a71d11f90f9430) Importer(815301076,1909f56bfc062723c751e8b465ee728b)  -> (artifact id: 'cb55ae255c2cace911b4ccd538d8b1a0') in 0.040383 seconds
  Import took 0.045171 seconds .

